Determining if the pthread_create exist failed with the following output:
Change Dir: /home/liuzihua/桌面/zihua/ComputerVision/Thrid-Party-Of-C-plus-plus-Usage/Attemps/ceres_practice/Hello World/build/CMakeFiles/CMakeTmp

Run Build Command:"/usr/bin/make" "cmTC_f505c/fast"
/usr/bin/make -f CMakeFiles/cmTC_f505c.dir/build.make CMakeFiles/cmTC_f505c.dir/build
make[1]: 进入目录“/home/liuzihua/桌面/zihua/ComputerVision/Thrid-Party-Of-C-plus-plus-Usage/Attemps/ceres_practice/Hello World/build/CMakeFiles/CMakeTmp”
Building C object CMakeFiles/cmTC_f505c.dir/CheckSymbolExists.c.o
/usr/bin/cc    -o CMakeFiles/cmTC_f505c.dir/CheckSymbolExists.c.o   -c "/home/liuzihua/桌面/zihua/ComputerVision/Thrid-Party-Of-C-plus-plus-Usage/Attemps/ceres_practice/Hello World/build/CMakeFiles/CMakeTmp/CheckSymbolExists.c"
Linking C executable cmTC_f505c
/usr/bin/cmake -E cmake_link_script CMakeFiles/cmTC_f505c.dir/link.txt --verbose=1
/usr/bin/cc      -rdynamic CMakeFiles/cmTC_f505c.dir/CheckSymbolExists.c.o  -o cmTC_f505c 
CMakeFiles/cmTC_f505c.dir/CheckSymbolExists.c.o：在函数‘main’中：
CheckSymbolExists.c:(.text+0x1b)：对‘pthread_create’未定义的引用
collect2: error: ld returned 1 exit status
CMakeFiles/cmTC_f505c.dir/build.make:97: recipe for target 'cmTC_f505c' failed
make[1]: *** [cmTC_f505c] Error 1
make[1]: 离开目录“/home/liuzihua/桌面/zihua/ComputerVision/Thrid-Party-Of-C-plus-plus-Usage/Attemps/ceres_practice/Hello World/build/CMakeFiles/CMakeTmp”
Makefile:126: recipe for target 'cmTC_f505c/fast' failed
make: *** [cmTC_f505c/fast] Error 2

File /home/liuzihua/桌面/zihua/ComputerVision/Thrid-Party-Of-C-plus-plus-Usage/Attemps/ceres_practice/Hello World/build/CMakeFiles/CMakeTmp/CheckSymbolExists.c:
/* */
#include <pthread.h>

int main(int argc, char** argv)
{
  (void)argv;
#ifndef pthread_create
  return ((int*)(&pthread_create))[argc];
#else
  (void)argc;
  return 0;
#endif
}

Determining if the function pthread_create exists in the pthreads failed with the following output:
Change Dir: /home/liuzihua/桌面/zihua/ComputerVision/Thrid-Party-Of-C-plus-plus-Usage/Attemps/ceres_practice/Hello World/build/CMakeFiles/CMakeTmp

Run Build Command:"/usr/bin/make" "cmTC_8a3a1/fast"
/usr/bin/make -f CMakeFiles/cmTC_8a3a1.dir/build.make CMakeFiles/cmTC_8a3a1.dir/build
make[1]: 进入目录“/home/liuzihua/桌面/zihua/ComputerVision/Thrid-Party-Of-C-plus-plus-Usage/Attemps/ceres_practice/Hello World/build/CMakeFiles/CMakeTmp”
Building C object CMakeFiles/cmTC_8a3a1.dir/CheckFunctionExists.c.o
/usr/bin/cc   -DCHECK_FUNCTION_EXISTS=pthread_create   -o CMakeFiles/cmTC_8a3a1.dir/CheckFunctionExists.c.o   -c /usr/share/cmake-3.10/Modules/CheckFunctionExists.c
Linking C executable cmTC_8a3a1
/usr/bin/cmake -E cmake_link_script CMakeFiles/cmTC_8a3a1.dir/link.txt --verbose=1
/usr/bin/cc  -DCHECK_FUNCTION_EXISTS=pthread_create    -rdynamic CMakeFiles/cmTC_8a3a1.dir/CheckFunctionExists.c.o  -o cmTC_8a3a1 -lpthreads 
/usr/bin/ld: 找不到 -lpthreads
collect2: error: ld returned 1 exit status
CMakeFiles/cmTC_8a3a1.dir/build.make:97: recipe for target 'cmTC_8a3a1' failed
make[1]: *** [cmTC_8a3a1] Error 1
make[1]: 离开目录“/home/liuzihua/桌面/zihua/ComputerVision/Thrid-Party-Of-C-plus-plus-Usage/Attemps/ceres_practice/Hello World/build/CMakeFiles/CMakeTmp”
Makefile:126: recipe for target 'cmTC_8a3a1/fast' failed
make: *** [cmTC_8a3a1/fast] Error 2


